<?xml version="1.0" encoding="utf-8"?><testsuites name="pytest tests"><testsuite name="pytest" errors="0" failures="1" skipped="0" tests="15" time="10.257" timestamp="2026-05-16T01:55:11.770958+00:00" hostname="agent-env-911dc4ac-2152-44bf-abb5-ab29619ae0fb"><testcase classname="backend.tests.test_jarvis_iter2" name="test_add_contact_returns_id_name_phone" time="0.251" /><testcase classname="backend.tests.test_jarvis_iter2" name="test_list_contacts_contains_created" time="0.141" /><testcase classname="backend.tests.test_jarvis_iter2" name="test_phone_validation_missing_plus_returns_400" time="0.115" /><testcase classname="backend.tests.test_jarvis_iter2" name="test_delete_contact_removes_it" time="0.302" /><testcase classname="backend.tests.test_jarvis_iter2" name="test_chat_resolves_contact_name_to_phone" time="1.871"><failure message="AssertionError: expected phone +919998887776 in action.to, got action={'type': 'send_sms', 'to': 'TestUserfdea95', 'message': 'Hello'}&#10;assert '+919998887776' in 'TestUserfdea95'&#10; +  where 'TestUserfdea95' = str('TestUserfdea95')">backend/tests/test_jarvis_iter2.py:123: in test_chat_resolves_contact_name_to_phone
    assert TEST_CONTACT_PHONE in str(to_val), (
E   AssertionError: expected phone +919998887776 in action.to, got action={'type': 'send_sms', 'to': 'TestUserfdea95', 'message': 'Hello'}
E   assert '+919998887776' in 'TestUserfdea95'
E    +  where 'TestUserfdea95' = str('TestUserfdea95')</failure></testcase><testcase classname="backend.tests.test_jarvis_iter2" name="test_tts_en_in_returns_audio_base64" time="2.017" /><testcase classname="backend.tests.test_jarvis_iter2" name="test_tts_bn_in_with_anushka_returns_audio" time="2.067" /><testcase classname="backend.tests.test_jarvis_iter2" name="test_tts_empty_text_returns_400" time="0.158" /><testcase classname="backend.tests.test_jarvis_iter2" name="test_twilio_sms_empty_to_returns_400" time="0.117" /><testcase classname="backend.tests.test_jarvis_iter2" name="test_twilio_sms_non_plus_returns_400" time="0.125" /><testcase classname="backend.tests.test_jarvis_iter2" name="test_twilio_sms_real_call_acceptable" time="0.688" /><testcase classname="backend.tests.test_jarvis_iter2" name="test_twilio_call_empty_to_returns_400" time="0.140" /><testcase classname="backend.tests.test_jarvis_iter2" name="test_twilio_call_non_plus_returns_400" time="0.104" /><testcase classname="backend.tests.test_jarvis_iter2" name="test_twilio_call_real_call_acceptable" time="0.266" /><testcase classname="backend.tests.test_jarvis_iter2" name="test_chat_sanity_still_works" time="1.786" /></testsuite></testsuites>