<?xml version="1.0" encoding="utf-8"?><testsuites name="pytest tests"><testsuite name="pytest" errors="0" failures="0" skipped="0" tests="7" time="15.363" timestamp="2026-05-15T17:43:01.440192+00:00" hostname="agent-env-911dc4ac-2152-44bf-abb5-ab29619ae0fb"><testcase classname="backend.tests.test_jarvis_backend" name="test_identity" time="0.261" /><testcase classname="backend.tests.test_jarvis_backend" name="test_chat_empty_returns_400" time="0.215" /><testcase classname="backend.tests.test_jarvis_backend" name="test_chat_send_sms" time="2.267" /><testcase classname="backend.tests.test_jarvis_backend" name="test_chat_set_alarm" time="2.814" /><testcase classname="backend.tests.test_jarvis_backend" name="test_chat_web_search" time="2.254" /><testcase classname="backend.tests.test_jarvis_backend" name="test_chat_identity_question" time="3.052" /><testcase classname="backend.tests.test_jarvis_backend" name="test_history_persistence_and_clear" time="4.383" /></testsuite></testsuites>